<?xml version="1.0" encoding="UTF-8" standalone="no"?>
<testsuite errors="0" failures="1" name="io.cucumber.core.plugin.JUnitFormatter" skipped="0" tests="2" time="0.979">
    <testcase classname="Customers" name="Add a new Customer" time="0.24">
        <system-out>
            <![CDATA[Given User Launch Chrome browser............................................passed
When User Opens URL "https://admin-demo.nopcommerce.com/login?ReturnUrl=%2Fadmin%2F".passed
Then User enter Email as "admin@yourstore.com" and Password as "admin"......passed
And Click on Login..........................................................passed
Then User can View Dashboard................................................passed
When User click customer menue..............................................passed
And Click customer menue item...............................................passed
And Click on Add new button.................................................passed
Then User can view add new customer page....................................passed
When User enter customer info...............................................passed
And Click on save button....................................................passed
Then User can view conformation message "The new customer has been added successfully".passed
And Close The Browser.......................................................passed
]]>
        </system-out>
    </testcase>
    <testcase classname="Customers" name="Search Customer By Emailid" time="0.022">
        <failure message="The scenario has pending or undefined step(s)" type="java.lang.Exception">
            <![CDATA[Given User Launch Chrome browser............................................passed
When User Opens URL "https://admin-demo.nopcommerce.com/login?ReturnUrl=%2Fadmin%2F".passed
Then User enter Email as "admin@yourstore.com" and Password as "admin"......passed
And Click on Login..........................................................passed
Then User can View Dashboard................................................passed
When User click customer menue..............................................passed
And Click customer menue item...............................................passed
And Enter customer Email....................................................undefined
When lick on Search button..................................................skipped
Then User found email in search table.......................................skipped
And Close The Browser.......................................................skipped
]]>
        </failure>
    </testcase>
</testsuite>
